{
  "uid" : "cd023a5db28aaf3",
  "name" : "test03",
  "fullName" : "case.series.Test_inquire.Test_inquire#test03",
  "historyId" : "ac7464321946c855d13df87a09557587",
  "time" : {
    "start" : 1651131831763,
    "stop" : 1651131831763,
    "duration" : 0
  },
  "status" : "failed",
  "statusMessage" : "AssertionError: assert 1 == 0",
  "statusTrace" : "self = <Test_inquire.Test_inquire object at 0x7fb9e04642b0>\n\n    def test03(self):\n>       assert 1==0\nE       assert 1 == 0\n\ncase/series/Test_inquire.py:12: AssertionError",
  "flaky" : false,
  "beforeStages" : [ ],
  "afterStages" : [ ],
  "labels" : [ {
    "name" : "parentSuite",
    "value" : "case.series"
  }, {
    "name" : "suite",
    "value" : "Test_inquire"
  }, {
    "name" : "subSuite",
    "value" : "Test_inquire"
  }, {
    "name" : "host",
    "value" : "C02F63FFMD6R"
  }, {
    "name" : "thread",
    "value" : "46326-MainThread"
  }, {
    "name" : "framework",
    "value" : "pytest"
  }, {
    "name" : "language",
    "value" : "cpython3"
  }, {
    "name" : "package",
    "value" : "case.series.Test_inquire"
  }, {
    "name" : "resultFormat",
    "value" : "allure2"
  } ],
  "parameters" : [ ],
  "links" : [ ],
  "hidden" : false,
  "retry" : false,
  "extra" : {
    "severity" : "normal",
    "retries" : [ ],
    "categories" : [ {
      "name" : "Product defects",
      "matchedStatuses" : [ ],
      "flaky" : false
    } ],
    "tags" : [ ]
  },
  "source" : "cd023a5db28aaf3.json",
  "parameterValues" : [ ]
}